
*** Starting uWSGI 2.0.15 (32bit) on [Wed May 10 14:38:21 2017] ***
compiled with version: 4.8.4 on 27 April 2017 21:17:18
os: Linux-2.6.32-042stab108.1 #1 SMP Thu Apr 23 19:17:11 MSK 2015
nodename: ickd
machine: i686
clock source: unix
detected number of CPU cores: 1
current working directory: /opt/gibot
detected binary path: /usr/local/bin/uwsgi
!!! no internal routing support, rebuild with pcre support !!!
chdir() to /opt/gibot/bin/
your processes number limit is 513873
your memory page size is 4096 bytes
detected max file descriptor number: 1024
lock engine: pthread robust mutexes
thunder lock: disabled (you can enable it with --thunder-lock)
uwsgi socket 0 bound to UNIX address gibot.sock fd 3
Python version: 3.4.3 (default, Nov 17 2016, 01:16:04)  [GCC 4.8.4]
*** Python threads support is disabled. You can enable it with --enable-threads ***
Python main interpreter initialized at 0x8b76830
your server socket listen backlog is limited to 100 connections
your mercy for graceful operations on workers is 60 seconds
mapped 383928 bytes (374 KB) for 5 cores
*** Operational MODE: preforking ***
Traceback (most recent call last):
  File "./wsgi.py", line 5, in <module>
    from opt.gibot.etc import config
ImportError: No module named 'opt'
unable to load app 0 (mountpoint='') (callable not found or import error)
*** no app loaded. going in full dynamic mode ***
*** uWSGI is running in multiple interpreter mode ***
spawned uWSGI master process (pid: 5989)
spawned uWSGI worker 1 (pid: 5993, cores: 1)
spawned uWSGI worker 2 (pid: 5994, cores: 1)
spawned uWSGI worker 3 (pid: 5995, cores: 1)
spawned uWSGI worker 4 (pid: 5996, cores: 1)
spawned uWSGI worker 5 (pid: 5997, cores: 1)
SIGINT/SIGQUIT received...killing workers...
*** Starting uWSGI 2.0.15 (32bit) on [Wed May 10 14:42:03 2017] ***
compiled with version: 4.8.4 on 27 April 2017 21:17:18
os: Linux-2.6.32-042stab108.1 #1 SMP Thu Apr 23 19:17:11 MSK 2015
nodename: ickd
machine: i686
clock source: unix
detected number of CPU cores: 1
current working directory: /opt/gibot
detected binary path: /usr/local/bin/uwsgi
!!! no internal routing support, rebuild with pcre support !!!
chdir() to /opt/gibot/bin/
your processes number limit is 513873
your memory page size is 4096 bytes
detected max file descriptor number: 1024
lock engine: pthread robust mutexes
thunder lock: disabled (you can enable it with --thunder-lock)
uwsgi socket 0 bound to UNIX address gibot.sock fd 3
Python version: 3.4.3 (default, Nov 17 2016, 01:16:04)  [GCC 4.8.4]
*** Python threads support is disabled. You can enable it with --enable-threads ***
Python main interpreter initialized at 0x9b55830
your server socket listen backlog is limited to 100 connections
your mercy for graceful operations on workers is 60 seconds
mapped 383928 bytes (374 KB) for 5 cores
*** Operational MODE: preforking ***
WSGI app 0 (mountpoint='') ready in 1 seconds on interpreter 0x9b55830 pid: 6101 (default app)
*** uWSGI is running in multiple interpreter mode ***
spawned uWSGI master process (pid: 6101)
spawned uWSGI worker 1 (pid: 6105, cores: 1)
spawned uWSGI worker 2 (pid: 6106, cores: 1)
spawned uWSGI worker 3 (pid: 6107, cores: 1)
spawned uWSGI worker 4 (pid: 6108, cores: 1)
spawned uWSGI worker 5 (pid: 6109, cores: 1)
worker 1 buried after 1 seconds
worker 2 buried after 1 seconds
worker 3 buried after 1 seconds
worker 4 buried after 1 seconds
worker 5 buried after 1 seconds
goodbye to uWSGI.
VACUUM WARNING: unix socket gibot.sock changed inode. Skip removal
[pid: 6105|app: 0|req: 1/1] 149.154.167.215 () {36 vars in 526 bytes} [Wed May 10 14:48:15 2017] POST /315541385:AAE6xaRFr7pi81ihcgz9DnUfO4tCRjRUoBU => generated 0 bytes in 239 msecs (HTTP/1.1 200) 1 headers in 44 bytes (1 switches on core 0)
[pid: 6106|app: 0|req: 1/2] 149.154.167.215 () {36 vars in 526 bytes} [Wed May 10 14:48:19 2017] POST /315541385:AAE6xaRFr7pi81ihcgz9DnUfO4tCRjRUoBU => generated 0 bytes in 243 msecs (HTTP/1.1 200) 1 headers in 44 bytes (1 switches on core 0)
SIGINT/SIGQUIT received...killing workers...
*** Starting uWSGI 2.0.15 (32bit) on [Wed May 10 14:48:20 2017] ***
compiled with version: 4.8.4 on 27 April 2017 21:17:18
os: Linux-2.6.32-042stab108.1 #1 SMP Thu Apr 23 19:17:11 MSK 2015
nodename: ickd
machine: i686
clock source: unix
detected number of CPU cores: 1
current working directory: /opt/gibot
detected binary path: /usr/local/bin/uwsgi
!!! no internal routing support, rebuild with pcre support !!!
chdir() to /opt/gibot/bin/
your processes number limit is 513873
your memory page size is 4096 bytes
detected max file descriptor number: 1024
lock engine: pthread robust mutexes
thunder lock: disabled (you can enable it with --thunder-lock)
uwsgi socket 0 bound to UNIX address gibot.sock fd 3
Python version: 3.4.3 (default, Nov 17 2016, 01:16:04)  [GCC 4.8.4]
*** Python threads support is disabled. You can enable it with --enable-threads ***
Python main interpreter initialized at 0x8a2d830
your server socket listen backlog is limited to 100 connections
your mercy for graceful operations on workers is 60 seconds
mapped 383928 bytes (374 KB) for 5 cores
*** Operational MODE: preforking ***
WSGI app 0 (mountpoint='') ready in 1 seconds on interpreter 0x8a2d830 pid: 6243 (default app)
*** uWSGI is running in multiple interpreter mode ***
spawned uWSGI master process (pid: 6243)
spawned uWSGI worker 1 (pid: 6247, cores: 1)
spawned uWSGI worker 2 (pid: 6248, cores: 1)
spawned uWSGI worker 3 (pid: 6249, cores: 1)
spawned uWSGI worker 4 (pid: 6250, cores: 1)
spawned uWSGI worker 5 (pid: 6251, cores: 1)
worker 1 buried after 1 seconds
worker 2 buried after 1 seconds
worker 3 buried after 1 seconds
worker 4 buried after 1 seconds
worker 5 buried after 1 seconds
goodbye to uWSGI.
VACUUM WARNING: unix socket gibot.sock changed inode. Skip removal
[pid: 6250|app: 0|req: 1/1] 149.154.167.215 () {36 vars in 526 bytes} [Wed May 10 14:48:27 2017] POST /315541385:AAE6xaRFr7pi81ihcgz9DnUfO4tCRjRUoBU => generated 0 bytes in 252 msecs (HTTP/1.1 200) 1 headers in 44 bytes (0 switches on core 0)
[pid: 6248|app: 0|req: 1/2] 149.154.167.215 () {36 vars in 526 bytes} [Wed May 10 14:48:35 2017] POST /315541385:AAE6xaRFr7pi81ihcgz9DnUfO4tCRjRUoBU => generated 0 bytes in 283 msecs (HTTP/1.1 200) 1 headers in 44 bytes (0 switches on core 0)
[pid: 6251|app: 0|req: 1/3] 149.154.167.215 () {36 vars in 526 bytes} [Wed May 10 14:48:38 2017] POST /315541385:AAE6xaRFr7pi81ihcgz9DnUfO4tCRjRUoBU => generated 0 bytes in 248 msecs (HTTP/1.1 200) 1 headers in 44 bytes (0 switches on core 0)
[pid: 6249|app: 0|req: 1/4] 149.154.167.215 () {36 vars in 526 bytes} [Wed May 10 14:48:44 2017] POST /315541385:AAE6xaRFr7pi81ihcgz9DnUfO4tCRjRUoBU => generated 0 bytes in 334 msecs (HTTP/1.1 200) 1 headers in 44 bytes (0 switches on core 0)
[pid: 6247|app: 0|req: 1/5] 149.154.167.215 () {36 vars in 526 bytes} [Wed May 10 14:48:58 2017] POST /315541385:AAE6xaRFr7pi81ihcgz9DnUfO4tCRjRUoBU => generated 0 bytes in 232 msecs (HTTP/1.1 200) 1 headers in 44 bytes (0 switches on core 0)
